<?xml version="1.0" encoding="UTF-8"?>
<!-- Generated by org.testng.reporters.JUnitXMLReporter -->
<testsuite ignored="0" hostname="LAPTOP-GAUPM6CM" failures="0" tests="4" name="Default test" time="0.073" errors="0" timestamp="2023-12-08T11:37:39 IST">
  <testcase classname="dec8th.Adactin2" name="registrationTest" time="0.006"/>
  <testcase classname="dec8th.Adactin2" name="loginTest" time="0.004"/>
  <testcase classname="dec8th.Adactin2" name="forgotPassword" time="0.001"/>
  <testcase classname="dec8th.Adactin2" name="changePasswordTest" time="0.001"/>
</testsuite> <!-- Default test -->
