<?xml version="1.0" encoding="UTF-8"?>
<!-- Generated by org.testng.reporters.JUnitXMLReporter -->
<testsuite ignored="1" hostname="LAPTOP-GAUPM6CM" failures="0" tests="1" name="Default test" time="28.935" errors="0" timestamp="2023-12-11T11:13:27 IST">
  <testcase classname="dec11th.ValidateLogin" name="validateLoginUsingCredentialsBlank" time="0.119"/>
  <testcase classname="dec11th.ValidateLogin" name="validateLoginUsingValidCredentials" time="0.0">
    <ignored/>
  </testcase> <!-- validateLoginUsingValidCredentials -->
</testsuite> <!-- Default test -->
