<?xml version="1.0" encoding="UTF-8"?>
<testng-results ignored="0" total="4" passed="4" failed="0" skipped="0">
  <reporter-output>
  </reporter-output>
  <suite started-at="2023-12-08T11:37:39 IST" name="Default suite" finished-at="2023-12-08T11:37:39 IST" duration-ms="73">
    <groups>
    </groups>
    <test started-at="2023-12-08T11:37:39 IST" name="Default test" finished-at="2023-12-08T11:37:39 IST" duration-ms="73">
      <class name="dec8th.Adactin2">
        <test-method is-config="true" signature="setUp()[pri:0, instance:dec8th.Adactin2@ae3540e]" started-at="2023-12-08T11:37:39 IST" name="setUp" finished-at="2023-12-08T11:37:39 IST" duration-ms="9" status="PASS">
          <reporter-output>
          </reporter-output>
        </test-method> <!-- setUp -->
        <test-method signature="registrationTest()[pri:0, instance:dec8th.Adactin2@ae3540e]" started-at="2023-12-08T11:37:39 IST" name="registrationTest" finished-at="2023-12-08T11:37:39 IST" duration-ms="6" status="PASS">
          <reporter-output>
          </reporter-output>
        </test-method> <!-- registrationTest -->
        <test-method is-config="true" signature="teardown()[pri:0, instance:dec8th.Adactin2@ae3540e]" started-at="2023-12-08T11:37:39 IST" name="teardown" finished-at="2023-12-08T11:37:39 IST" duration-ms="0" status="PASS">
          <reporter-output>
          </reporter-output>
        </test-method> <!-- teardown -->
        <test-method signature="loginTest()[pri:1, instance:dec8th.Adactin2@ae3540e]" started-at="2023-12-08T11:37:39 IST" name="loginTest" finished-at="2023-12-08T11:37:39 IST" duration-ms="4" status="PASS">
          <reporter-output>
          </reporter-output>
        </test-method> <!-- loginTest -->
        <test-method is-config="true" signature="setUp()[pri:0, instance:dec8th.Adactin2@ae3540e]" started-at="2023-12-08T11:37:39 IST" name="setUp" finished-at="2023-12-08T11:37:39 IST" duration-ms="0" status="PASS">
          <reporter-output>
          </reporter-output>
        </test-method> <!-- setUp -->
        <test-method is-config="true" signature="teardown()[pri:0, instance:dec8th.Adactin2@ae3540e]" started-at="2023-12-08T11:37:39 IST" name="teardown" finished-at="2023-12-08T11:37:39 IST" duration-ms="0" status="PASS">
          <reporter-output>
          </reporter-output>
        </test-method> <!-- teardown -->
        <test-method signature="forgotPassword()[pri:2, instance:dec8th.Adactin2@ae3540e]" started-at="2023-12-08T11:37:39 IST" name="forgotPassword" finished-at="2023-12-08T11:37:39 IST" duration-ms="1" status="PASS">
          <reporter-output>
          </reporter-output>
        </test-method> <!-- forgotPassword -->
        <test-method is-config="true" signature="setUp()[pri:0, instance:dec8th.Adactin2@ae3540e]" started-at="2023-12-08T11:37:39 IST" name="setUp" finished-at="2023-12-08T11:37:39 IST" duration-ms="0" status="PASS">
          <reporter-output>
          </reporter-output>
        </test-method> <!-- setUp -->
        <test-method is-config="true" signature="teardown()[pri:0, instance:dec8th.Adactin2@ae3540e]" started-at="2023-12-08T11:37:39 IST" name="teardown" finished-at="2023-12-08T11:37:39 IST" duration-ms="1" status="PASS">
          <reporter-output>
          </reporter-output>
        </test-method> <!-- teardown -->
        <test-method signature="changePasswordTest()[pri:3, instance:dec8th.Adactin2@ae3540e]" started-at="2023-12-08T11:37:39 IST" name="changePasswordTest" finished-at="2023-12-08T11:37:39 IST" depends-on-methods="dec8th.Adactin2.loginTest" duration-ms="1" status="PASS">
          <reporter-output>
          </reporter-output>
        </test-method> <!-- changePasswordTest -->
        <test-method is-config="true" signature="setUp()[pri:0, instance:dec8th.Adactin2@ae3540e]" started-at="2023-12-08T11:37:39 IST" name="setUp" finished-at="2023-12-08T11:37:39 IST" duration-ms="0" status="PASS">
          <reporter-output>
          </reporter-output>
        </test-method> <!-- setUp -->
        <test-method is-config="true" signature="teardown()[pri:0, instance:dec8th.Adactin2@ae3540e]" started-at="2023-12-08T11:37:39 IST" name="teardown" finished-at="2023-12-08T11:37:39 IST" duration-ms="0" status="PASS">
          <reporter-output>
          </reporter-output>
        </test-method> <!-- teardown -->
      </class> <!-- dec8th.Adactin2 -->
    </test> <!-- Default test -->
  </suite> <!-- Default suite -->
</testng-results>
